<?xml version="1.0" encoding="UTF-8"?>
<testsuite xmlns:xsi="http://www.w3.org/2001/XMLSchema-instance" xsi:schemaLocation="https://maven.apache.org/surefire/maven-surefire-plugin/xsd/surefire-test-report.xsd" name="javax.measure.test.UnitTest" time="0" tests="4" errors="0" skipped="0" failures="0">
  <properties>
[...]
</properties>
  <testcase name="testIsCompatible" classname="javax.measure.test.UnitTest" time="0"/>
  <testcase name="testGetDimension" classname="javax.measure.test.UnitTest" time="0"/>
  <testcase name="testGetConverterTo" classname="javax.measure.test.UnitTest" time="0"/>
  <testcase name="testGetSymbol" classname="javax.measure.test.UnitTest" time="0"/>
</testsuite>