<?xml version="1.0" encoding="UTF-8" standalone="yes"?><!DOCTYPE report PUBLIC "-//JACOCO//DTD Report 1.1//EN" "report.dtd"><report name="Units of Measurement API"><sessioninfo id="DESKTOP-KNPRT5O-c7c535a" start="1698868767586" dump="1698868799888"/><sessioninfo id="DESKTOP-KNPRT5O-1f6465b" start="1698868767723" dump="1698868799992"/><sessioninfo id="DESKTOP-KNPRT5O-81aa4c3c" start="1698868768646" dump="1698868800159"/><sessioninfo id="DESKTOP-KNPRT5O-c3c83cc3" start="1698868767645" dump="1698868800373"/><sessioninfo id="DESKTOP-KNPRT5O-363d7b26" start="1698868768201" dump="1698868800425"/><sessioninfo id="DESKTOP-KNPRT5O-bdf8763d" start="1698868767544" dump="1698868800470"/><sessioninfo id="DESKTOP-KNPRT5O-e86e73c5" start="1698868935689" dump="1698868959263"/><sessioninfo id="DESKTOP-KNPRT5O-d16ddcd9" start="1698868936204" dump="1698868959311"/><sessioninfo id="DESKTOP-KNPRT5O-7b221d95" start="1698868935864" dump="1698868959353"/><sessioninfo id="DESKTOP-KNPRT5O-eeb88ced" start="1698868936311" dump="1698868959387"/><sessioninfo id="DESKTOP-KNPRT5O-bf33dd39" start="1698868936102" dump="1698868959434"/><sessioninfo id="DESKTOP-KNPRT5O-a4f32476" start="1698868935782" dump="1698868959491"/></report>